2017-10-04 16:45:46,177 INFO o.a.j.u.JMeterUtils: Setting Locale to en_US
2017-10-04 16:45:46,193 INFO o.a.j.JMeter: Loading user properties from: user.properties
2017-10-04 16:45:46,193 INFO o.a.j.JMeter: Loading system properties from: system.properties
2017-10-04 16:45:46,197 INFO o.a.j.JMeter: Copyright (c) 1998-2017 The Apache Software Foundation
2017-10-04 16:45:46,197 INFO o.a.j.JMeter: Version 3.3 r1808647
2017-10-04 16:45:46,197 INFO o.a.j.JMeter: java.version=1.8.0_121
2017-10-04 16:45:46,197 INFO o.a.j.JMeter: java.vm.name=Java HotSpot(TM) 64-Bit Server VM
2017-10-04 16:45:46,197 INFO o.a.j.JMeter: os.name=Windows 10
2017-10-04 16:45:46,197 INFO o.a.j.JMeter: os.arch=amd64
2017-10-04 16:45:46,197 INFO o.a.j.JMeter: os.version=10.0
2017-10-04 16:45:46,197 INFO o.a.j.JMeter: file.encoding=Cp1252
2017-10-04 16:45:46,197 INFO o.a.j.JMeter: Max memory     =3780640768
2017-10-04 16:45:46,197 INFO o.a.j.JMeter: Available Processors =4
2017-10-04 16:45:46,205 INFO o.a.j.JMeter: Default Locale=English (United States)
2017-10-04 16:45:46,205 INFO o.a.j.JMeter: JMeter  Locale=English (United States)
2017-10-04 16:45:46,205 INFO o.a.j.JMeter: JMeterHome=C:\apache-jmeter-3.3
2017-10-04 16:45:46,205 INFO o.a.j.JMeter: user.dir  =C:\apache-jmeter-3.3\bin
2017-10-04 16:45:46,205 INFO o.a.j.JMeter: PWD       =C:\apache-jmeter-3.3\bin
2017-10-04 16:45:46,205 INFO o.a.j.JMeter: IP: 192.168.0.4 Name: DESKTOP-KMLCT8T FullName: DESKTOP-KMLCT8T
2017-10-04 16:45:47,131 INFO o.a.j.g.a.LookAndFeelCommand: Using look and feel: javax.swing.plaf.metal.MetalLookAndFeel [Metal, CrossPlatform]
2017-10-04 16:45:47,135 INFO o.a.j.JMeter: Loaded icon properties from org/apache/jmeter/images/icon.properties
